<?xml version="1.0" encoding="UTF-8"?>
<!-- Generated by org.testng.reporters.JUnitReportReporter -->
<testsuite hostname="Carloss-MacBook-Pro.local" failures="0" tests="3" name="midterm.SubjectTests" time="2.360" errors="0" timestamp="2020-11-05T10:16:19 PET" skipped="0">
  <testcase classname="midterm.SubjectTests" name="testCase1" time="0.055"/>
  <system-out/>
  <testcase classname="midterm.SubjectTests" name="testCase0" time="0.016"/>
  <system-out/>
  <testcase classname="midterm.SubjectTests" name="testCase2" time="2.289"/>
  <system-out/>
</testsuite> <!-- midterm.SubjectTests -->
