<?xml version="1.0" encoding="UTF-8"?>
<!-- Generated by org.testng.reporters.JUnitReportReporter -->
<testsuite hostname="Carloss-MacBook-Pro.local" failures="0" tests="2" name="midterm.SubjectTests" time="0.063" errors="0" timestamp="2020-11-05T09:41:52 PET" skipped="0">
  <testcase classname="midterm.SubjectTests" name="testCase0" time="0.016"/>
  <system-out/>
  <testcase classname="midterm.SubjectTests" name="testCase1" time="0.047"/>
  <system-out/>
</testsuite> <!-- midterm.SubjectTests -->
