<?xml version="1.0" encoding="UTF-8"?>
<!-- Generated by org.testng.reporters.JUnitReportReporter -->
<testsuite hostname="Carloss-MacBook-Pro.local" failures="0" tests="4" name="midterm.SubjectTests" time="1.788" errors="0" timestamp="2020-11-05T10:23:40 PET" skipped="0">
  <testcase classname="midterm.SubjectTests" name="testCase2" time="1.724"/>
  <system-out/>
  <testcase classname="midterm.SubjectTests" name="testCase1" time="0.045"/>
  <system-out/>
  <testcase classname="midterm.SubjectTests" name="testCase0" time="0.015"/>
  <system-out/>
  <testcase classname="midterm.SubjectTests" name="testCase3" time="0.004"/>
  <system-out/>
</testsuite> <!-- midterm.SubjectTests -->
